<?xml version="1.0" encoding="UTF-8"?>
<!-- Generated by org.testng.reporters.JUnitReportReporter -->
<testsuite skipped="0" hostname="danieljio-w10lt" name="com.testcases.Estimate.IQuote_9094_Estimate_8" tests="1" failures="0" timestamp="28 Aug 2020 07:31:59 GMT" time="235.930" errors="0">
  <testcase name="UpdateFields_In_Identification" time="235.930" classname="com.testcases.Estimate.IQuote_9094_Estimate_8"/>
</testsuite> <!-- com.testcases.Estimate.IQuote_9094_Estimate_8 -->
