<?xml version="1.0" encoding="UTF-8"?>
<!-- Generated by org.testng.reporters.JUnitReportReporter -->
<testsuite skipped="0" hostname="danieljio-w10lt" name="com.testcases.monarch.Monarch_24435_7" tests="1" failures="0" timestamp="27 Aug 2020 10:49:00 GMT" time="270.230" errors="0">
  <testcase name="SubJobforCoProdCreationType" time="270.230" classname="com.testcases.monarch.Monarch_24435_7"/>
</testsuite> <!-- com.testcases.monarch.Monarch_24435_7 -->
