<?xml version="1.0" encoding="UTF-8"?>
<!-- Generated by org.testng.reporters.JUnitReportReporter -->
<testsuite skipped="0" hostname="danieljio-w10lt" name="com.testcases.PartialJob.IQuote_9408_PartialJob_3" tests="1" failures="0" timestamp="08 Jun 2020 08:02:51 GMT" time="606.402" errors="0">
  <testcase name="Estimatetoolbar" time="606.402" classname="com.testcases.PartialJob.IQuote_9408_PartialJob_3"/>
</testsuite> <!-- com.testcases.PartialJob.IQuote_9408_PartialJob_3 -->
