<?xml version="1.0" encoding="UTF-8"?>
<!-- Generated by org.testng.reporters.JUnitReportReporter -->
<testsuite skipped="0" hostname="danieljio-w10lt" name="com.testcases.negotiation.IQuote_9231_Negotiation_20" tests="1" failures="0" timestamp="17 Apr 2020 11:04:31 GMT" time="379.783" errors="0">
  <testcase name="EstimateCurrencyQuotation" time="379.783" classname="com.testcases.negotiation.IQuote_9231_Negotiation_20"/>
</testsuite> <!-- com.testcases.negotiation.IQuote_9231_Negotiation_20 -->
