<?xml version="1.0" encoding="UTF-8"?>
<!-- Generated by org.testng.reporters.JUnitReportReporter -->
<testsuite skipped="0" hostname="danieljio-w10lt" name="com.testcases.monarch.Monarch_24435_2" tests="1" failures="0" timestamp="27 Aug 2020 08:02:36 GMT" time="256.288" errors="0">
  <testcase name="SubJobCreationType" time="256.288" classname="com.testcases.monarch.Monarch_24435_2"/>
</testsuite> <!-- com.testcases.monarch.Monarch_24435_2 -->
