<?xml version="1.0" encoding="UTF-8"?>
<!-- Generated by org.testng.reporters.JUnitReportReporter -->
<testsuite skipped="0" hostname="danieljio-w10lt" name="com.testcases.monarch.Monarch_13709" tests="1" failures="0" timestamp="15 Apr 2020 10:48:09 GMT" time="400.162" errors="0">
  <testcase name="addEstimatewithMultipleVersions" time="400.162" classname="com.testcases.monarch.Monarch_13709"/>
</testsuite> <!-- com.testcases.monarch.Monarch_13709 -->
