<?xml version="1.0" encoding="UTF-8"?>
<!-- Generated by org.testng.reporters.JUnitReportReporter -->
<testsuite skipped="0" hostname="danieljio-w10lt" name="com.testcases.monarch.Monarch_17432_1" tests="1" failures="0" timestamp="24 Aug 2020 11:19:14 GMT" time="814.697" errors="0">
  <testcase name="multiPlantEstimate" time="814.697" classname="com.testcases.monarch.Monarch_17432_1"/>
</testsuite> <!-- com.testcases.monarch.Monarch_17432_1 -->
