<?xml version="1.0" encoding="UTF-8"?>
<!-- Generated by org.testng.reporters.JUnitReportReporter -->
<testsuite skipped="0" hostname="danieljio-w10lt" name="com.testcases.Coefficient.IQuote_9512_Coefficient" tests="1" failures="0" timestamp="17 Jun 2020 06:46:26 GMT" time="4791.395" errors="0">
  <testcase name="ValidateCalculationForThickness" time="4791.395" classname="com.testcases.Coefficient.IQuote_9512_Coefficient"/>
</testsuite> <!-- com.testcases.Coefficient.IQuote_9512_Coefficient -->
