<?xml version="1.0" encoding="UTF-8"?>
<!-- Generated by org.testng.reporters.JUnitReportReporter -->
<testsuite skipped="0" hostname="danieljio-w10lt" name="com.testcases.Engineering.IQuote_9098_Engineering_4" tests="1" failures="0" timestamp="17 Apr 2020 08:36:21 GMT" time="195.223" errors="0">
  <testcase name="Eng_Zoom_in_Zoom_out" time="195.223" classname="com.testcases.Engineering.IQuote_9098_Engineering_4"/>
</testsuite> <!-- com.testcases.Engineering.IQuote_9098_Engineering_4 -->
