<?xml version="1.0" encoding="UTF-8"?>
<!-- Generated by org.testng.reporters.JUnitReportReporter -->
<testsuite skipped="0" hostname="danieljio-w10lt" name="com.testcases.PartialJob.IQuote_9544_PartialJob_11" tests="1" failures="0" timestamp="20 Apr 2020 06:09:58 GMT" time="197.903" errors="0">
  <testcase name="Estimatetoolbar" time="197.903" classname="com.testcases.PartialJob.IQuote_9544_PartialJob_11"/>
</testsuite> <!-- com.testcases.PartialJob.IQuote_9544_PartialJob_11 -->
