<?xml version="1.0" encoding="UTF-8"?>
<!-- Generated by org.testng.reporters.JUnitReportReporter -->
<testsuite skipped="0" hostname="danieljio-w10lt" name="com.testcases.PartialJob.IQuote_9536_PartialJob_4" tests="1" failures="0" timestamp="28 May 2020 10:44:35 GMT" time="790.115" errors="0">
  <testcase name="Estimatetoolbar" time="790.115" classname="com.testcases.PartialJob.IQuote_9536_PartialJob_4"/>
</testsuite> <!-- com.testcases.PartialJob.IQuote_9536_PartialJob_4 -->
