<?xml version="1.0" encoding="UTF-8"?>
<!-- Generated by org.testng.reporters.JUnitReportReporter -->
<testsuite skipped="0" hostname="danieljio-w10lt" name="com.testcases.monarch.Monarch_30866_2" tests="1" failures="0" timestamp="04 Aug 2020 12:46:53 GMT" time="761.747" errors="0">
  <testcase name="multiPlantEstimate" time="761.747" classname="com.testcases.monarch.Monarch_30866_2"/>
</testsuite> <!-- com.testcases.monarch.Monarch_30866_2 -->
