<?xml version="1.0" encoding="UTF-8"?>
<!-- Generated by org.testng.reporters.JUnitReportReporter -->
<testsuite skipped="0" hostname="danieljio-w10lt" name="com.testcases.PartialJob.IQuote_9538_PartialJob_7" tests="1" failures="0" timestamp="29 May 2020 10:25:46 GMT" time="814.023" errors="0">
  <testcase name="VerifyJobList_ProjectJobs" time="814.023" classname="com.testcases.PartialJob.IQuote_9538_PartialJob_7"/>
</testsuite> <!-- com.testcases.PartialJob.IQuote_9538_PartialJob_7 -->
