<?xml version="1.0" encoding="UTF-8"?>
<!-- Generated by org.testng.reporters.JUnitReportReporter -->
<testsuite skipped="0" hostname="danieljio-w10lt" name="com.testcases.PartialJob.IQuote_9392_PartialJob_2" tests="1" failures="0" timestamp="08 Jun 2020 11:17:51 GMT" time="438.415" errors="0">
  <testcase name="Estimatetoolbar" time="438.415" classname="com.testcases.PartialJob.IQuote_9392_PartialJob_2"/>
</testsuite> <!-- com.testcases.PartialJob.IQuote_9392_PartialJob_2 -->
