<?xml version="1.0" encoding="UTF-8"?>
<!-- Generated by org.testng.reporters.JUnitReportReporter -->
<testsuite skipped="0" hostname="danieljio-w10lt" name="com.testcases.negotiation.IQuote_9075_Negotiation_14" tests="1" failures="0" timestamp="17 Apr 2020 11:50:50 GMT" time="223.811" errors="0">
  <testcase name="SalePrice_Edits" time="223.811" classname="com.testcases.negotiation.IQuote_9075_Negotiation_14"/>
</testsuite> <!-- com.testcases.negotiation.IQuote_9075_Negotiation_14 -->
