<?xml version="1.0" encoding="UTF-8"?>
<!-- Generated by org.testng.reporters.JUnitReportReporter -->
<testsuite skipped="0" hostname="danieljio-w10lt" name="com.testcases.Engineering.IQuote_9127_Engineering_32" tests="1" failures="0" timestamp="12 Jun 2020 11:24:47 GMT" time="0.007" errors="0">
  <testcase name="Verify_SupressCharacters" time="0.007" classname="com.testcases.Engineering.IQuote_9127_Engineering_32"/>
</testsuite> <!-- com.testcases.Engineering.IQuote_9127_Engineering_32 -->
