<?xml version="1.0" encoding="UTF-8"?>
<!-- Generated by org.testng.reporters.JUnitReportReporter -->
<testsuite skipped="0" hostname="danieljio-w10lt" name="com.testcases.monarch.Monarch_24435_5" tests="1" failures="0" timestamp="27 Aug 2020 10:02:02 GMT" time="279.079" errors="0">
  <testcase name="SubJobforCoProdCreationType" time="279.079" classname="com.testcases.monarch.Monarch_24435_5"/>
</testsuite> <!-- com.testcases.monarch.Monarch_24435_5 -->
