<?xml version="1.0" encoding="UTF-8"?>
<!-- Generated by org.testng.reporters.JUnitReportReporter -->
<testsuite skipped="0" hostname="danieljio-w10lt" name="rough.canbeused" tests="1" failures="0" timestamp="11 Nov 2020 06:42:05 GMT" time="82.433" errors="0">
  <testcase name="checkingconfig" time="82.433" classname="rough.canbeused"/>
</testsuite> <!-- rough.canbeused -->
