<?xml version="1.0" encoding="UTF-8"?>
<!-- Generated by org.testng.reporters.JUnitReportReporter -->
<testsuite skipped="0" hostname="danieljio-w10lt" name="com.testcases.PartialJob.IQuote_9390_PartialJob_1" tests="1" failures="0" timestamp="08 Jun 2020 07:50:54 GMT" time="596.781" errors="0">
  <testcase name="PartialJob_1Prode_and_1delDate" time="596.781" classname="com.testcases.PartialJob.IQuote_9390_PartialJob_1"/>
</testsuite> <!-- com.testcases.PartialJob.IQuote_9390_PartialJob_1 -->
