<?xml version="1.0" encoding="UTF-8"?>
<!-- Generated by org.testng.reporters.JUnitReportReporter -->
<testsuite skipped="0" hostname="danieljio-w10lt" name="com.testcases.monarch.Monarch_30858_1" tests="1" failures="0" timestamp="10 Aug 2020 08:15:50 GMT" time="466.594" errors="0">
  <testcase name="multiPlantEstimate" time="466.594" classname="com.testcases.monarch.Monarch_30858_1"/>
</testsuite> <!-- com.testcases.monarch.Monarch_30858_1 -->
