<?xml version="1.0" encoding="UTF-8"?>
<!-- Generated by org.testng.reporters.JUnitReportReporter -->
<testsuite skipped="0" hostname="danieljio-w10lt" name="com.testcases.monarch.Monarch_17432_2" tests="1" failures="0" timestamp="24 Aug 2020 07:25:27 GMT" time="147.286" errors="0">
  <testcase name="multiPlantEstimate" time="147.286" classname="com.testcases.monarch.Monarch_17432_2"/>
</testsuite> <!-- com.testcases.monarch.Monarch_17432_2 -->
