<?xml version="1.0" encoding="UTF-8"?>
<!-- Generated by org.testng.reporters.JUnitReportReporter -->
<testsuite skipped="0" hostname="danieljio-w10lt" name="com.testcases.Coefficient.IQuote_9246_Coefficient" tests="1" failures="0" timestamp="04 Aug 2020 07:10:35 GMT" time="475.578" errors="0">
  <testcase name="ValidateCalculationForThickness" time="475.578" classname="com.testcases.Coefficient.IQuote_9246_Coefficient"/>
</testsuite> <!-- com.testcases.Coefficient.IQuote_9246_Coefficient -->
