<?xml version="1.0" encoding="UTF-8"?>
<!-- Generated by org.testng.reporters.JUnitReportReporter -->
<testsuite skipped="0" hostname="danieljio-w10lt" name="com.testcases.monarch.Monarch_30865_2" tests="1" failures="0" timestamp="10 Aug 2020 07:22:24 GMT" time="244.846" errors="0">
  <testcase name="multiPlantEstimate" time="244.846" classname="com.testcases.monarch.Monarch_30865_2"/>
</testsuite> <!-- com.testcases.monarch.Monarch_30865_2 -->
