<?xml version="1.0" encoding="UTF-8"?>
<!-- Generated by org.testng.reporters.JUnitReportReporter -->
<testsuite skipped="0" hostname="danieljio-w10lt" name="com.testcases.monarch.Monarch_24435_1" tests="1" failures="0" timestamp="27 Aug 2020 07:36:19 GMT" time="470.107" errors="0">
  <testcase name="OneJobCreationType" time="470.107" classname="com.testcases.monarch.Monarch_24435_1"/>
</testsuite> <!-- com.testcases.monarch.Monarch_24435_1 -->
