<?xml version="1.0" encoding="UTF-8"?>
<!-- Generated by org.testng.reporters.JUnitReportReporter -->
<testsuite skipped="0" hostname="danieljio-w10lt" name="com.testcases.PartialJob.IQuote_9535_PartialJob_3" tests="1" failures="0" timestamp="08 Jun 2020 09:38:31 GMT" time="502.123" errors="0">
  <testcase name="Estimatetoolbar" time="502.123" classname="com.testcases.PartialJob.IQuote_9535_PartialJob_3"/>
</testsuite> <!-- com.testcases.PartialJob.IQuote_9535_PartialJob_3 -->
