<?xml version="1.0" encoding="UTF-8"?>
<!-- Generated by org.testng.reporters.JUnitReportReporter -->
<testsuite skipped="0" hostname="danieljio-w10lt" name="com.testcases.PartialJob.IQuote_9543_PartialJob_10" tests="1" failures="0" timestamp="08 Jun 2020 11:08:50 GMT" time="915.056" errors="0">
  <testcase name="IQUOTE_9543" time="915.056" classname="com.testcases.PartialJob.IQuote_9543_PartialJob_10"/>
</testsuite> <!-- com.testcases.PartialJob.IQuote_9543_PartialJob_10 -->
