<?xml version="1.0" encoding="UTF-8"?>
<!-- Generated by org.testng.reporters.JUnitReportReporter -->
<testsuite skipped="0" hostname="danieljio-w10lt" name="com.testcases.monarch.Monarch_28858_1" tests="1" failures="0" timestamp="15 Jul 2020 07:16:02 GMT" time="826.002" errors="0">
  <testcase name="jobIDSubJOBIDVerfication" time="826.002" classname="com.testcases.monarch.Monarch_28858_1"/>
</testsuite> <!-- com.testcases.monarch.Monarch_28858_1 -->
