<?xml version="1.0" encoding="UTF-8"?>
<!-- Generated by org.testng.reporters.JUnitReportReporter -->
<testsuite skipped="0" hostname="danieljio-w10lt" name="com.testcases.monarch.Monarch_24435_3" tests="1" failures="0" timestamp="27 Aug 2020 09:37:55 GMT" time="290.734" errors="0">
  <testcase name="SubJobforCoProdCreationType" time="290.734" classname="com.testcases.monarch.Monarch_24435_3"/>
</testsuite> <!-- com.testcases.monarch.Monarch_24435_3 -->
