<?xml version="1.0" encoding="UTF-8"?>
<!-- Generated by org.testng.reporters.JUnitReportReporter -->
<testsuite skipped="0" hostname="danieljio-w10lt" name="com.testcases.Engineering.IQuote_9086_Engineering_55" tests="1" failures="0" timestamp="09 Jun 2020 10:56:36 GMT" time="336.000" errors="0">
  <testcase name="Output_Options" time="336.000" classname="com.testcases.Engineering.IQuote_9086_Engineering_55"/>
</testsuite> <!-- com.testcases.Engineering.IQuote_9086_Engineering_55 -->
