<?xml version="1.0" encoding="UTF-8"?>
<!-- Generated by org.testng.reporters.JUnitReportReporter -->
<testsuite skipped="0" hostname="danieljio-w10lt" name="com.testcases.monarch.Monarch_30862_2" tests="1" failures="0" timestamp="03 Aug 2020 11:15:12 GMT" time="138.636" errors="0">
  <testcase name="multiPlantEstimate" time="138.636" classname="com.testcases.monarch.Monarch_30862_2"/>
</testsuite> <!-- com.testcases.monarch.Monarch_30862_2 -->
