<?xml version="1.0" encoding="UTF-8"?>
<!-- Generated by org.testng.reporters.JUnitReportReporter -->
<testsuite skipped="0" hostname="danieljio-w10lt" name="com.testcases.negotiation.IQuote_9228_Negotiation_22" tests="1" failures="0" timestamp="17 Apr 2020 11:24:45 GMT" time="597.984" errors="0">
  <testcase name="Outsourcing_Cost_Validations" time="597.984" classname="com.testcases.negotiation.IQuote_9228_Negotiation_22"/>
</testsuite> <!-- com.testcases.negotiation.IQuote_9228_Negotiation_22 -->
