<?xml version="1.0" encoding="UTF-8"?>
<!-- Generated by org.testng.reporters.JUnitReportReporter -->
<testsuite skipped="0" hostname="danieljio-w10lt" name="com.testcases.monarch.Monarch_30865_3" tests="1" failures="0" timestamp="10 Aug 2020 07:33:51 GMT" time="136.951" errors="0">
  <testcase name="multiPlantEstimate" time="136.951" classname="com.testcases.monarch.Monarch_30865_3"/>
</testsuite> <!-- com.testcases.monarch.Monarch_30865_3 -->
