<?xml version="1.0" encoding="UTF-8"?>
<!-- Generated by org.testng.reporters.JUnitReportReporter -->
<testsuite skipped="0" hostname="danieljio-w10lt" name="com.testcases.PartialJob.IQuote_9537_PartialJob_6" tests="1" failures="0" timestamp="29 May 2020 09:35:40 GMT" time="340.346" errors="0">
  <testcase name="Estimatetoolbar" time="340.346" classname="com.testcases.PartialJob.IQuote_9537_PartialJob_6"/>
</testsuite> <!-- com.testcases.PartialJob.IQuote_9537_PartialJob_6 -->
